--------------------------------------------------------------------------------
Release 14.6 Trace  (nt)
Copyright (c) 1995-2013 Xilinx, Inc.  All rights reserved.

C:\Xilinx\14.6\ISE_DS\ISE\bin\nt\unwrapped\trce.exe -intstyle ise -v 3 -s 2 -n
3 -fastpaths -xml priority_encoder.twx priority_encoder.ncd -o
priority_encoder.twr priority_encoder.pcf -ucf LAB4_C_imp.ucf

Design file:              priority_encoder.ncd
Physical constraint file: priority_encoder.pcf
Device,package,speed:     xc6slx16,csg324,C,-2 (PRODUCTION 1.23 2013-06-08)
Report level:             verbose report

Environment Variable      Effect 
--------------------      ------ 
NONE                      No environment variables were set
--------------------------------------------------------------------------------

INFO:Timing:2698 - No timing constraints found, doing default enumeration.
INFO:Timing:3412 - To improve timing, see the Timing Closure User Guide (UG612).
INFO:Timing:2752 - To get complete path coverage, use the unconstrained paths 
   option. All paths that are not constrained will be reported in the 
   unconstrained paths section(s) of the report.
INFO:Timing:3339 - The clock-to-out numbers in this timing report are based on 
   a 50 Ohm transmission line loading model.  For the details of this model, 
   and for more information on accounting for different loading conditions, 
   please see the device datasheet.



Data Sheet report:
-----------------
All values displayed in nanoseconds (ns)

Pad to Pad
---------------+---------------+---------+
Source Pad     |Destination Pad|  Delay  |
---------------+---------------+---------+
D<0>           |V              |    9.526|
D<1>           |V              |    9.586|
D<1>           |Y<0>           |    9.579|
D<2>           |V              |    9.453|
D<2>           |Y<0>           |    9.446|
D<2>           |Y<1>           |    9.420|
D<3>           |V              |    9.694|
D<3>           |Y<0>           |    9.687|
D<3>           |Y<1>           |    9.245|
---------------+---------------+---------+


Analysis completed Mon Mar 18 15:37:01 2019 
--------------------------------------------------------------------------------

Trace Settings:
-------------------------
Trace Settings 

Peak Memory Usage: 168 MB



