ISim log file
Running: C:\Users\Kim Marzo\Desktop\CECS201\LAB1_b\LAB1_b_TF_isim_beh.exe -intstyle ise -gui -tclbatch isim.cmd -wdb C:/Users/Kim Marzo/Desktop/CECS201/LAB1_b/LAB1_b_TF_isim_beh.wdb 
ISim P.68d (signature 0x8ef4fb42)
WARNING: A WEBPACK license was found.
WARNING: Please use Xilinx License Configuration Manager to check out a full ISim license.
WARNING: ISim will run in Lite mode. Please refer to the ISim documentation for more information on the differences between the Lite and the Full version.
This is a Lite version of ISim.
Time resolution is 1 ps
# onerror resume
# wave add /
# run 1000 ns
Simulator is doing circuit initialization process.
Finished circuit initialization process.
Stopped at time : 170 ns : File "C:/Users/Kim Marzo/Desktop/CECS201/LAB1_b/LAB1_b_TF.v" Line 63
# run 1700ns
# run 1700ns
# run 1700ns
# run 1700ns
# run 1700ns
# run 10ns
# run 10ns
# run 10ns
# run 10ns
# run 10ns
# run all
# run 10ns
# restart
# run all
Simulator is doing circuit initialization process.
Finished circuit initialization process.
Stopped at time : 170 ns : File "C:/Users/Kim Marzo/Desktop/CECS201/LAB1_b/LAB1_b_TF.v" Line 63
# run 10ns
# run 1700ns
# run all
# run 1700ns
# restart
# run 1700ns
Simulator is doing circuit initialization process.
Finished circuit initialization process.
Stopped at time : 170 ns : File "C:/Users/Kim Marzo/Desktop/CECS201/LAB1_b/LAB1_b_TF.v" Line 63
# restart
# run 17000ns
Simulator is doing circuit initialization process.
Finished circuit initialization process.
Stopped at time : 170 ns : File "C:/Users/Kim Marzo/Desktop/CECS201/LAB1_b/LAB1_b_TF.v" Line 63
# restart
# run all
Simulator is doing circuit initialization process.
Finished circuit initialization process.
Stopped at time : 170 ns : File "C:/Users/Kim Marzo/Desktop/CECS201/LAB1_b/LAB1_b_TF.v" Line 63
