Command line:
   LAB1_b_TF_isim_beh.exe
     -simmode  gui
     -simrunnum  1
     -socket  59159

Mon Mar 18 12:11:35 2019


 Elaboration Time: 0.109375 sec

 Current Memory Usage: 531.558 Meg

 Total Signals          : 23
 Total Nets             : 22
 Total Signal Drivers   : 14
 Total Blocks           : 3
 Total Primitive Blocks : 2
 Total Processes        : 16
 Total Traceable Variables  : 22
 Total Scalar Nets and Variables : 106
Total Line Count : 33

 Total Simulation Time: 0.140625 sec

 Current Memory Usage: 531.616 Meg

Mon Mar 18 12:11:42 2019

