Command line:
   LAB2_VM_isim_beh.exe
     -simmode  gui
     -simrunnum  0
     -socket  64334

Mon Mar 11 02:42:03 2019


 Elaboration Time: 0.078125 sec

 Current Memory Usage: 531.165 Meg

 Total Signals          : 19
 Total Nets             : 19
 Total Signal Drivers   : 7
 Total Blocks           : 2
 Total Primitive Blocks : 2
 Total Processes        : 8
 Total Traceable Variables  : 18
 Total Scalar Nets and Variables : 99
Total Line Count : 16

 Total Simulation Time: 0.078125 sec

 Current Memory Usage: 532.271 Meg

Mon Mar 11 02:42:09 2019

